Log file open, 02/02/17 22:40:21
LogInit:Display: Running engine for game: MyGame
LogPlatformFile: Not using cached read wrapper
LogInit:Display: RandInit(-616640384) SRandInit(-616640384).
LogTaskGraph: Started task graph with 5 named threads and 8 total threads with 1 sets of task threads.
LogStats: Stats thread started at 0.092434
LogPluginManager: Loaded Plugin Paper2D, From J:/Games/UE_4.14/Engine/Plugins/2D/Paper2D/Paper2D.uplugin
LogPluginManager: Loaded Plugin LightPropagationVolume, From J:/Games/UE_4.14/Engine/Plugins/Blendables/LightPropagationVolume/LightPropagationVolume.uplugin
LogPluginManager: Loaded Plugin BlankPlugin, From J:/Games/UE_4.14/Engine/Plugins/Developer/BlankPlugin/BlankPlugin.uplugin
LogPluginManager: Loaded Plugin CodeLiteSourceCodeAccess, From J:/Games/UE_4.14/Engine/Plugins/Developer/CodeLiteSourceCodeAccess/CodeLiteSourceCodeAccess.uplugin
LogPluginManager: Loaded Plugin GitSourceControl, From J:/Games/UE_4.14/Engine/Plugins/Developer/GitSourceControl/GitSourceControl.uplugin
LogPluginManager: Loaded Plugin KDevelopSourceCodeAccess, From J:/Games/UE_4.14/Engine/Plugins/Developer/KDevelopSourceCodeAccess/KDevelopSourceCodeAccess.uplugin
LogPluginManager: Loaded Plugin NullSourceCodeAccess, From J:/Games/UE_4.14/Engine/Plugins/Developer/NullSourceCodeAccess/NullSourceCodeAccess.uplugin
LogPluginManager: Loaded Plugin OneSkyLocalizationService, From J:/Games/UE_4.14/Engine/Plugins/Developer/OneSkyLocalizationService/OneSkyLocalizationService.uplugin
LogPluginManager: Loaded Plugin PerforceSourceControl, From J:/Games/UE_4.14/Engine/Plugins/Developer/PerforceSourceControl/PerforceSourceControl.uplugin
LogPluginManager: Loaded Plugin SubversionSourceControl, From J:/Games/UE_4.14/Engine/Plugins/Developer/SubversionSourceControl/SubversionSourceControl.uplugin
LogPluginManager: Loaded Plugin UObjectPlugin, From J:/Games/UE_4.14/Engine/Plugins/Developer/UObjectPlugin/UObjectPlugin.uplugin
LogPluginManager: Loaded Plugin VisualStudioSourceCodeAccess, From J:/Games/UE_4.14/Engine/Plugins/Developer/VisualStudioSourceCodeAccess/VisualStudioSourceCodeAccess.uplugin
LogPluginManager: Loaded Plugin XCodeSourceCodeAccess, From J:/Games/UE_4.14/Engine/Plugins/Developer/XCodeSourceCodeAccess/XCodeSourceCodeAccess.uplugin
LogPluginManager: Loaded Plugin AudioCapture, From J:/Games/UE_4.14/Engine/Plugins/Editor/AudioCapture/AudioCapture.uplugin
LogPluginManager: Loaded Plugin EpicSurvey, From J:/Games/UE_4.14/Engine/Plugins/Editor/EpicSurvey/EpicSurvey.uplugin
LogPluginManager: Loaded Plugin MacGraphicsSwitching, From J:/Games/UE_4.14/Engine/Plugins/Editor/MacGraphicsSwitching/MacGraphicsSwitching.uplugin
LogPluginManager: Loaded Plugin MobileLauncherProfileWizard, From J:/Games/UE_4.14/Engine/Plugins/Editor/MobileLauncherProfileWizard/MobileLauncherProfileWizard.uplugin
LogPluginManager: Loaded Plugin PluginBrowser, From J:/Games/UE_4.14/Engine/Plugins/Editor/PluginBrowser/PluginBrowser.uplugin
LogPluginManager: Loaded Plugin SpeedTreeImporter, From J:/Games/UE_4.14/Engine/Plugins/Editor/SpeedTreeImporter/SpeedTreeImporter.uplugin
LogPluginManager: Loaded Plugin SuperSearchEditor, From J:/Games/UE_4.14/Engine/Plugins/Editor/SuperSearchEditor/SuperSearchEditor.uplugin
LogPluginManager: Loaded Plugin AlembicImporter, From J:/Games/UE_4.14/Engine/Plugins/Experimental/AlembicImporter/AlembicImporter.uplugin
LogPluginManager: Loaded Plugin BlueprintStats, From J:/Games/UE_4.14/Engine/Plugins/Experimental/BlueprintStats/BlueprintStats.uplugin
LogPluginManager: Loaded Plugin CharacterAI, From J:/Games/UE_4.14/Engine/Plugins/Experimental/CharacterAI/CharacterAI.uplugin
LogPluginManager: Loaded Plugin CodeEditor, From J:/Games/UE_4.14/Engine/Plugins/Experimental/CodeEditor/CodeEditor.uplugin
LogPluginManager: Loaded Plugin CodeView, From J:/Games/UE_4.14/Engine/Plugins/Experimental/CodeView/CodeView.uplugin
LogPluginManager: Loaded Plugin HTML5Networking, From J:/Games/UE_4.14/Engine/Plugins/Experimental/HTML5Networking/HTML5Networking.uplugin
LogPluginManager: Loaded Plugin OSVR, From J:/Games/UE_4.14/Engine/Plugins/Experimental/OSVR/OSVR.uplugin
LogPluginManager: Loaded Plugin Phya, From J:/Games/UE_4.14/Engine/Plugins/Experimental/Phya/Phya.uplugin
LogPluginManager: Loaded Plugin SignificanceManager, From J:/Games/UE_4.14/Engine/Plugins/Experimental/SignificanceManager/SignificanceManager.uplugin
LogPluginManager: Loaded Plugin SimpleHMD, From J:/Games/UE_4.14/Engine/Plugins/Experimental/SimpleHMD/SimpleHMD.uplugin
LogPluginManager: Loaded Plugin StereoPanorama, From J:/Games/UE_4.14/Engine/Plugins/Experimental/StereoPanorama/StereoPanorama.uplugin
LogPluginManager: Loaded Plugin StructBox, From J:/Games/UE_4.14/Engine/Plugins/Experimental/StructBox/StructBox.uplugin
LogPluginManager: Loaded Plugin AndroidMedia, From J:/Games/UE_4.14/Engine/Plugins/Media/AndroidMedia/AndroidMedia.uplugin
LogPluginManager: Loaded Plugin AvfMedia, From J:/Games/UE_4.14/Engine/Plugins/Media/AvfMedia/AvfMedia.uplugin
LogPluginManager: Loaded Plugin MediaPlayerEditor, From J:/Games/UE_4.14/Engine/Plugins/Media/MediaPlayerEditor/MediaPlayerEditor.uplugin
LogPluginManager: Loaded Plugin WmfMedia, From J:/Games/UE_4.14/Engine/Plugins/Media/WmfMedia/WmfMedia.uplugin
LogPluginManager: Loaded Plugin MessagingDebugger, From J:/Games/UE_4.14/Engine/Plugins/Messaging/MessagingDebugger/MessagingDebugger.uplugin
LogPluginManager: Loaded Plugin TcpMessaging, From J:/Games/UE_4.14/Engine/Plugins/Messaging/TcpMessaging/TcpMessaging.uplugin
LogPluginManager: Loaded Plugin UdpMessaging, From J:/Games/UE_4.14/Engine/Plugins/Messaging/UdpMessaging/UdpMessaging.uplugin
LogPluginManager: Loaded Plugin LevelSequenceEditor, From J:/Games/UE_4.14/Engine/Plugins/MovieScene/LevelSequenceEditor/LevelSequenceEditor.uplugin
LogPluginManager: Loaded Plugin MatineeToLevelSequence, From J:/Games/UE_4.14/Engine/Plugins/MovieScene/MatineeToLevelSequence/MatineeToLevelSequence.uplugin
LogPluginManager: Loaded Plugin NetcodeUnitTest, From J:/Games/UE_4.14/Engine/Plugins/NetcodeUnitTest/NetcodeUnitTest/NetcodeUnitTest.uplugin
LogPluginManager: Loaded Plugin NUTUnrealEngine4, From J:/Games/UE_4.14/Engine/Plugins/NetcodeUnitTest/NUTUnrealEngine4/NUTUnrealEngine4.uplugin
LogPluginManager: Loaded Plugin OnlineSubsystemGameCircle, From J:/Games/UE_4.14/Engine/Plugins/Online/Android/OnlineSubsystemGameCircle/OnlineSubsystemGameCircle.uplugin
LogPluginManager: Loaded Plugin OnlineSubsystemGooglePlay, From J:/Games/UE_4.14/Engine/Plugins/Online/Android/OnlineSubsystemGooglePlay/OnlineSubsystemGooglePlay.uplugin
LogPluginManager: Loaded Plugin OnlineSubsystemIOS, From J:/Games/UE_4.14/Engine/Plugins/Online/IOS/OnlineSubsystemIOS/OnlineSubsystemIOS.uplugin
LogPluginManager: Loaded Plugin OnlineFramework, From J:/Games/UE_4.14/Engine/Plugins/Online/OnlineFramework/OnlineFramework.uplugin
LogPluginManager: Loaded Plugin OnlineSubsystem, From J:/Games/UE_4.14/Engine/Plugins/Online/OnlineSubsystem/OnlineSubsystem.uplugin
LogPluginManager: Loaded Plugin OnlineSubsystemAmazon, From J:/Games/UE_4.14/Engine/Plugins/Online/OnlineSubsystemAmazon/OnlineSubsystemAmazon.uplugin
LogPluginManager: Loaded Plugin OnlineSubsystemFacebook, From J:/Games/UE_4.14/Engine/Plugins/Online/OnlineSubsystemFacebook/OnlineSubsystemFacebook.uplugin
LogPluginManager: Loaded Plugin OnlineSubsystemNull, From J:/Games/UE_4.14/Engine/Plugins/Online/OnlineSubsystemNull/OnlineSubsystemNull.uplugin
LogPluginManager: Loaded Plugin OnlineSubsystemOculus, From J:/Games/UE_4.14/Engine/Plugins/Online/OnlineSubsystemOculus/OnlineSubsystemOculus.uplugin
LogPluginManager: Loaded Plugin OnlineSubsystemSteam, From J:/Games/UE_4.14/Engine/Plugins/Online/OnlineSubsystemSteam/OnlineSubsystemSteam.uplugin
LogPluginManager: Loaded Plugin OnlineSubsystemUtils, From J:/Games/UE_4.14/Engine/Plugins/Online/OnlineSubsystemUtils/OnlineSubsystemUtils.uplugin
LogPluginManager: Loaded Plugin IOSTapJoy, From J:/Games/UE_4.14/Engine/Plugins/Runtime/Advertising/IOSTapJoy/IOSTapJoy.uplugin
LogPluginManager: Loaded Plugin AnalyticsBlueprintLibrary, From J:/Games/UE_4.14/Engine/Plugins/Runtime/Analytics/AnalyticsBlueprintLibrary/AnalyticsBlueprintLibrary.uplugin
LogPluginManager: Loaded Plugin AnalyticsMulticast, From J:/Games/UE_4.14/Engine/Plugins/Runtime/Analytics/AnalyticsMulticast/AnalyticsMulticast.uplugin
LogPluginManager: Loaded Plugin Apsalar, From J:/Games/UE_4.14/Engine/Plugins/Runtime/Analytics/Apsalar/Apsalar.uplugin
LogPluginManager: Loaded Plugin FileLogging, From J:/Games/UE_4.14/Engine/Plugins/Runtime/Analytics/FileLogging/FileLogging.uplugin
LogPluginManager: Loaded Plugin Flurry, From J:/Games/UE_4.14/Engine/Plugins/Runtime/Analytics/Flurry/Flurry.uplugin
LogPluginManager: Loaded Plugin AndroidDeviceProfileSelector, From J:/Games/UE_4.14/Engine/Plugins/Runtime/AndroidDeviceProfileSelector/AndroidDeviceProfileSelector.uplugin
LogPluginManager: Loaded Plugin AndroidMoviePlayer, From J:/Games/UE_4.14/Engine/Plugins/Runtime/AndroidMoviePlayer/AndroidMoviePlayer.uplugin
LogPluginManager: Loaded Plugin AppleMoviePlayer, From J:/Games/UE_4.14/Engine/Plugins/Runtime/AppleMoviePlayer/AppleMoviePlayer.uplugin
LogPluginManager: Loaded Plugin ArchVisCharacter, From J:/Games/UE_4.14/Engine/Plugins/Runtime/ArchVisCharacter/ArchVisCharacter.uplugin
LogPluginManager: Loaded Plugin CableComponent, From J:/Games/UE_4.14/Engine/Plugins/Runtime/CableComponent/CableComponent.uplugin
LogPluginManager: Loaded Plugin CustomMeshComponent, From J:/Games/UE_4.14/Engine/Plugins/Runtime/CustomMeshComponent/CustomMeshComponent.uplugin
LogPluginManager: Loaded Plugin ExampleDeviceProfileSelector, From J:/Games/UE_4.14/Engine/Plugins/Runtime/ExampleDeviceProfileSelector/ExampleDeviceProfileSelector.uplugin
LogPluginManager: Loaded Plugin GearVR, From J:/Games/UE_4.14/Engine/Plugins/Runtime/GearVR/GearVR.uplugin
LogPluginManager: Loaded Plugin GoogleVRController, From J:/Games/UE_4.14/Engine/Plugins/Runtime/GoogleVR/GoogleVRController/GoogleVRController.uplugin
LogPluginManager: Loaded Plugin GoogleVRHMD, From J:/Games/UE_4.14/Engine/Plugins/Runtime/GoogleVR/GoogleVRHMD/GoogleVRHMD.uplugin
LogPluginManager: Loaded Plugin IOSDeviceProfileSelector, From J:/Games/UE_4.14/Engine/Plugins/Runtime/IOSDeviceProfileSelector/IOSDeviceProfileSelector.uplugin
LogPluginManager: Loaded Plugin LeapMotion, From J:/Games/UE_4.14/Engine/Plugins/Runtime/LeapMotion/LeapMotion.uplugin
LogPluginManager: Loaded Plugin LinuxDeviceProfileSelector, From J:/Games/UE_4.14/Engine/Plugins/Runtime/LinuxDeviceProfileSelector/LinuxDeviceProfileSelector.uplugin
LogPluginManager: Loaded Plugin MIDIDevice, From J:/Games/UE_4.14/Engine/Plugins/Runtime/MIDIDevice/MIDIDevice.uplugin
LogPluginManager: Loaded Plugin MobilePatchingUtils, From J:/Games/UE_4.14/Engine/Plugins/Runtime/MobilePatchingUtils/MobilePatchingUtils.uplugin
LogPluginManager: Loaded Plugin Ansel, From J:/Games/UE_4.14/Engine/Plugins/Runtime/Nvidia/Ansel/Ansel.uplugin
LogPluginManager: Loaded Plugin OculusAudio, From J:/Games/UE_4.14/Engine/Plugins/Runtime/OculusAudio/OculusAudio.uplugin
LogPluginManager: Loaded Plugin OculusInput, From J:/Games/UE_4.14/Engine/Plugins/Runtime/OculusInput/OculusInput.uplugin
LogPluginManager: Loaded Plugin OculusLibrary, From J:/Games/UE_4.14/Engine/Plugins/Runtime/OculusLibrary/OculusLibrary.uplugin
LogPluginManager: Loaded Plugin OculusRift, From J:/Games/UE_4.14/Engine/Plugins/Runtime/OculusRift/OculusRift.uplugin
LogPluginManager: Loaded Plugin Oodle, From J:/Games/UE_4.14/Engine/Plugins/Runtime/PacketHandlers/CompressionComponents/Oodle/Oodle.uplugin
LogPluginManager: Loaded Plugin ProceduralMeshComponent, From J:/Games/UE_4.14/Engine/Plugins/Runtime/ProceduralMeshComponent/ProceduralMeshComponent.uplugin
LogPluginManager: Loaded Plugin SoundMod, From J:/Games/UE_4.14/Engine/Plugins/Runtime/SoundMod/SoundMod.uplugin
LogPluginManager: Loaded Plugin SoundVisualizations, From J:/Games/UE_4.14/Engine/Plugins/Runtime/SoundVisualizations/SoundVisualizations.uplugin
LogPluginManager: Loaded Plugin SteamController, From J:/Games/UE_4.14/Engine/Plugins/Runtime/Steam/SteamController/SteamController.uplugin
LogPluginManager: Loaded Plugin SteamVR, From J:/Games/UE_4.14/Engine/Plugins/Runtime/Steam/SteamVR/SteamVR.uplugin
LogPluginManager: Loaded Plugin WebBrowserWidget, From J:/Games/UE_4.14/Engine/Plugins/Runtime/WebBrowserWidget/WebBrowserWidget.uplugin
LogPluginManager: Loaded Plugin WindowsDeviceProfileSelector, From J:/Games/UE_4.14/Engine/Plugins/Runtime/WindowsDeviceProfileSelector/WindowsDeviceProfileSelector.uplugin
LogPluginManager: Loaded Plugin WindowsMoviePlayer, From J:/Games/UE_4.14/Engine/Plugins/Runtime/WindowsMoviePlayer/WindowsMoviePlayer.uplugin
LogPluginManager: Loaded Plugin ScriptPlugin, From J:/Games/UE_4.14/Engine/Plugins/ScriptPlugin/ScriptPlugin.uplugin
LogPluginManager: Loaded Plugin SlateRemote, From J:/Games/UE_4.14/Engine/Plugins/Slate/SlateRemote/SlateRemote.uplugin
LogPluginManager: Loaded Plugin EditorTests, From J:/Games/UE_4.14/Engine/Plugins/Tests/EditorTests/EditorTests.uplugin
LogPluginManager: Loaded Plugin FbxAutomationTestBuilder, From J:/Games/UE_4.14/Engine/Plugins/Tests/FbxAutomationTestBuilder/FbxAutomationTestBuilder.uplugin
LogPluginManager: Loaded Plugin FunctionalTestingEditor, From J:/Games/UE_4.14/Engine/Plugins/Tests/FunctionalTestingEditor/FunctionalTestingEditor.uplugin
LogPluginManager: Loaded Plugin RuntimeTests, From J:/Games/UE_4.14/Engine/Plugins/Tests/RuntimeTests/RuntimeTests.uplugin
LogPluginManager: Loaded Plugin ScreenshotTools, From J:/Games/UE_4.14/Engine/Plugins/Tests/ScreenshotTools/ScreenshotTools.uplugin
LogInit: Using libcurl 7.47.1
LogInit:  - built for x86_64-pc-win32
LogInit:  - supports SSL with OpenSSL/1.0.2g
LogInit:  - supports HTTP deflate (compression) using libz 1.2.8
LogInit:  - other features:
LogInit:      CURL_VERSION_SSL
LogInit:      CURL_VERSION_LIBZ
LogInit:      CURL_VERSION_IPV6
LogInit:      CURL_VERSION_ASYNCHDNS
LogInit:      CURL_VERSION_LARGEFILE
LogInit:      CURL_VERSION_IDN
LogInit:  CurlRequestOptions (configurable via config and command line):
LogInit:  - bVerifyPeer = false  - Libcurl will NOT verify peer certificate
LogInit:  - bUseHttpProxy = false  - Libcurl will NOT use HTTP proxy
LogInit:  - bDontReuseConnections = false  - Libcurl will reuse connections
LogInit:  - CertBundlePath = nullptr  - Libcurl will use whatever was configured at build time.
LogInit: Build: ++UE4+Release-4.14-CL-3249277
LogInit: Engine Version: 4.14.3-3249277+++UE4+Release-4.14
LogInit: Compatible Engine Version: 4.14.0-3195953+++UE4+Release-4.14
LogInit: Net CL: 3195953
LogDevObjectVersion: Number of dev versions registered: 13
LogDevObjectVersion:   Dev-Blueprints (B0D832E4-1F89-4F0D-ACCF-7EB736FD4AA2): 7
LogDevObjectVersion:   Dev-Build (E1C64328-A22C-4D53-A36C-8E866417BD8C): 0
LogDevObjectVersion:   Dev-Core (375EC13C-06E4-48FB-B500-84F0262A717E): 1
LogDevObjectVersion:   Dev-Editor (E4B068ED-F494-42E9-A231-DA0B2E46BB41): 8
LogDevObjectVersion:   Dev-Framework (CFFC743F-43B0-4480-9391-14DF171D2073): 17
LogDevObjectVersion:   Dev-Mobile (B02B49B5-BB20-44E9-A304-32B752E40360): 0
LogDevObjectVersion:   Dev-Networking (A4E4105C-59A1-49B5-A7C5-40C4547EDFEE): 0
LogDevObjectVersion:   Dev-Online (39C831C9-5AE6-47DC-9A44-9C173E1C8E7C): 0
LogDevObjectVersion:   Dev-Physics (78F01B33-EBEA-4F98-B9B4-84EACCB95AA2): 0
LogDevObjectVersion:   Dev-Platform (6631380F-2D4D-43E0-8009-CF276956A95A): 0
LogDevObjectVersion:   Dev-Rendering (12F88B9F-8875-4AFC-A67C-D90C383ABD29): 12
LogDevObjectVersion:   Dev-Sequencer (7B5AE74C-D270-4C10-A958-57980B212A5A): 1
LogDevObjectVersion:   Dev-VR (D7296918-1DD6-4BDD-9DE2-64A83CC13884): 0
LogInit: Compiled (64-bit): Jan  6 2017 10:49:43
LogInit: Compiled with Visual C++: 19.00.23026.00
LogInit: Build Configuration: Development
LogInit: Branch Name: ++UE4+Release-4.14
LogInit: Command line: -EpicPortal 
LogInit: Base directory: J:/Games/UE_4.14/Engine/Binaries/Win64/
LogInit: Installed Engine Build: 1
LogInit: Presizing for max 8388607 objects, including 0 objects not considered by GC, pre-allocating 0 bytes for permanent pool.
LogInit: Object subsystem initialized
[2017.02.02-21.40.22:379][  0]LogInit: Selected Device Profile: [Windows]
[2017.02.02-21.40.22:379][  0]LogInit: Applying CVar settings loaded from the selected device profile: [Windows]
[2017.02.02-21.40.22:404][  0]LogInit: Computer: DESKTOP-FFIL5QF
[2017.02.02-21.40.22:404][  0]LogInit: User: Niwes
[2017.02.02-21.40.22:404][  0]LogInit: CPU Page size=65536, Cores=4
[2017.02.02-21.40.22:404][  0]LogInit: High frequency timer resolution =3.139093 MHz
[2017.02.02-21.40.22:404][  0]LogMemory: Memory total: Physical=8.0GB (8GB approx)
[2017.02.02-21.40.22:404][  0]LogMemory: Platform Memory Stats for Windows
[2017.02.02-21.40.22:404][  0]LogMemory: Process Physical Memory: 264.32 MB used, 264.32 MB peak
[2017.02.02-21.40.22:404][  0]LogMemory: Process Virtual Memory: 262.53 MB used, 262.53 MB peak
[2017.02.02-21.40.22:404][  0]LogMemory: Physical Memory: 5356.64 MB used,  2833.47 MB free, 8190.11 MB total
[2017.02.02-21.40.22:404][  0]LogMemory: Virtual Memory: 675.71 MB used,  2833.47 MB free, 134217728.00 MB total
[2017.02.02-21.40.22:439][  0]LogTextLocalizationManager: No translations for ('de-DE') exist, falling back to 'en' for localization and internationalization data.
[2017.02.02-21.40.23:594][  0]LogD3D11RHI: D3D11 adapters:
[2017.02.02-21.40.25:350][  0]LogD3D11RHI:    0. 'NVIDIA GeForce GTX 970' (Feature Level 11_0)
[2017.02.02-21.40.25:350][  0]LogD3D11RHI:       4059/0/4095 MB DedicatedVideo/DedicatedSystem/SharedSystem, Outputs:1, VendorId:0x10de
[2017.02.02-21.40.25:352][  0]LogD3D11RHI:    1. 'Microsoft Basic Render Driver' (Feature Level 11_0)
[2017.02.02-21.40.25:352][  0]LogD3D11RHI:       0/0/4095 MB DedicatedVideo/DedicatedSystem/SharedSystem, Outputs:0, VendorId:0x1414
[2017.02.02-21.40.25:352][  0]LogD3D11RHI: Chosen D3D11 Adapter: 0
[2017.02.02-21.40.25:360][  0]LogD3D11RHI: Creating new Direct3DDevice
[2017.02.02-21.40.25:360][  0]LogD3D11RHI:     GPU DeviceId: 0x13c2 (for the marketing name, search the web for "GPU Device Id")
[2017.02.02-21.40.25:360][  0]LogWindows: EnumDisplayDevices:
[2017.02.02-21.40.25:360][  0]LogWindows:    0. 'NVIDIA GeForce GTX 970' (P:1 D:1)
[2017.02.02-21.40.25:360][  0]LogWindows:    1. 'NVIDIA GeForce GTX 970' (P:0 D:0)
[2017.02.02-21.40.25:361][  0]LogWindows:    2. 'NVIDIA GeForce GTX 970' (P:0 D:0)
[2017.02.02-21.40.25:361][  0]LogWindows:    3. 'NVIDIA GeForce GTX 970' (P:0 D:0)
[2017.02.02-21.40.25:361][  0]LogWindows: DebugString: FoundDriverCount:4 
[2017.02.02-21.40.25:361][  0]LogD3D11RHI:     Adapter Name: NVIDIA GeForce GTX 970
[2017.02.02-21.40.25:361][  0]LogD3D11RHI:   Driver Version: 378.49 (internal:21.21.13.7849, unified:378.49)
[2017.02.02-21.40.25:361][  0]LogD3D11RHI:      Driver Date: 1-20-2017
[2017.02.02-21.40.25:361][  0]LogRHI: Texture pool is 1361 MB (70% of 1945 MB)
[2017.02.02-21.40.26:783][  0]LogD3D11RHI: Async texture creation enabled
[2017.02.02-21.40.26:828][  0]LogD3D11RHI: GPU Timing Frequency: 1000.000000 (Debug: 2 1)
[2017.02.02-21.40.26:830][  0]LogShaderCompilers: Guid format shader working directory is -2 characters bigger than the processId version (../../../../../UE_4/Game/MyEndlessRunner/MyGame/Intermediate/Shaders/WorkingDirectory/11468/).
[2017.02.02-21.40.26:830][  0]LogShaderCompilers: Cleaned the shader compiler working directory 'C:/Users/Niwes/AppData/Local/Temp/UnrealShaderWorkingDir/59B1618A42E3F020D4EB5587F338A94B/'.
[2017.02.02-21.40.26:830][  0]LogShaderCompilers:Display: Using Local Shader Compiler.
[2017.02.02-21.40.28:836][  0]LogTemp:Display: Loaded TP AllDesktopTargetPlatform
[2017.02.02-21.40.28:907][  0]LogTemp:Display: Loaded TP MacClientTargetPlatform
[2017.02.02-21.40.28:989][  0]LogTemp:Display: Loaded TP MacNoEditorTargetPlatform
[2017.02.02-21.40.29:102][  0]LogTemp:Display: Loaded TP MacServerTargetPlatform
[2017.02.02-21.40.29:203][  0]LogTemp:Display: Loaded TP MacTargetPlatform
[2017.02.02-21.40.29:294][  0]LogTemp:Display: Loaded TP WindowsClientTargetPlatform
[2017.02.02-21.40.29:362][  0]LogTemp:Display: Loaded TP WindowsNoEditorTargetPlatform
[2017.02.02-21.40.29:431][  0]LogTemp:Display: Loaded TP WindowsServerTargetPlatform
[2017.02.02-21.40.29:506][  0]LogTemp:Display: Loaded TP WindowsTargetPlatform
[2017.02.02-21.40.29:588][  0]LogTemp:Display: Loaded TP AndroidTargetPlatform
[2017.02.02-21.40.29:658][  0]LogTemp:Display: Loaded TP Android_ASTCTargetPlatform
[2017.02.02-21.40.29:739][  0]LogTemp:Display: Loaded TP Android_ATCTargetPlatform
[2017.02.02-21.40.29:805][  0]LogTemp:Display: Loaded TP Android_DXTTargetPlatform
[2017.02.02-21.40.29:873][  0]LogTemp:Display: Loaded TP Android_ETC1TargetPlatform
[2017.02.02-21.40.29:941][  0]LogTemp:Display: Loaded TP Android_ETC2TargetPlatform
[2017.02.02-21.40.30:075][  0]LogTemp:Display: Loaded TP Android_MultiTargetPlatform
[2017.02.02-21.40.30:075][  0]LogTemp:Display: Loaded TP Android_PVRTCTargetPlatform
[2017.02.02-21.40.30:118][  0]LogTemp:Display: Loaded TP HTML5TargetPlatform
[2017.02.02-21.40.30:231][  0]LogTemp:Display: Loaded TP IOSTargetPlatform
[2017.02.02-21.40.30:285][  0]LogTemp:Display: Loaded TP TVOSTargetPlatform
[2017.02.02-21.40.30:359][  0]LogTemp:Display: Loaded TP LinuxClientTargetPlatform
[2017.02.02-21.40.30:434][  0]LogTemp:Display: Loaded TP LinuxNoEditorTargetPlatform
[2017.02.02-21.40.30:506][  0]LogTemp:Display: Loaded TP LinuxServerTargetPlatform
[2017.02.02-21.40.30:590][  0]LogTemp:Display: Loaded TP LinuxTargetPlatform
[2017.02.02-21.40.30:590][  0]LogTargetPlatformManager:Display: Building Assets For Windows
[2017.02.02-21.40.31:051][  0]LogDerivedDataCache:Display: Max Cache Size: 512 MB
[2017.02.02-21.40.31:176][  0]LogDerivedDataCache: Loaded boot cache 0.12s 51MB C:/Users/Niwes/AppData/Local/UnrealEngine/4.14/DerivedDataCache/Boot.ddc.
[2017.02.02-21.40.31:176][  0]LogDerivedDataCache:Display: Loaded Boot cache: C:/Users/Niwes/AppData/Local/UnrealEngine/4.14/DerivedDataCache/Boot.ddc
[2017.02.02-21.40.31:177][  0]LogDerivedDataCache: FDerivedDataBackendGraph:  Pak pak cache file ../../../../../UE_4/Game/MyEndlessRunner/MyGame/DerivedDataCache/DDC.ddp not found, will not use a pak cache.
[2017.02.02-21.40.31:177][  0]LogDerivedDataCache: Unable to find inner node Pak for hierarchical cache Hierarchy.
[2017.02.02-21.40.31:177][  0]LogDerivedDataCache: FDerivedDataBackendGraph:  CompressedPak pak cache file ../../../../../UE_4/Game/MyEndlessRunner/MyGame/DerivedDataCache/Compressed.ddp not found, will not use a pak cache.
[2017.02.02-21.40.31:177][  0]LogDerivedDataCache: Unable to find inner node CompressedPak for hierarchical cache Hierarchy.
[2017.02.02-21.40.31:207][  0]LogDerivedDataCache:Display: Pak cache opened for reading ../../../Engine/DerivedDataCache/Compressed.ddp.
[2017.02.02-21.40.31:220][  0]LogDerivedDataCache: Using Local data cache path C:/Users/Niwes/AppData/Local/UnrealEngine/Common/DerivedDataCache: Writable
[2017.02.02-21.40.31:557][  0]LogInit: Selected Device Profile: [Windows]
[2017.02.02-21.40.31:573][  0]LogContentStreaming: Texture pool size is 0.00 MB
[2017.02.02-21.40.31:842][  0]LogMeshUtilities: Using QuadricMeshReduction for automatic static mesh reduction
[2017.02.02-21.40.31:889][  0]LogSimplygon: Simplygon DLL not present - disabling.
[2017.02.02-21.40.31:938][  0]LogMeshUtilities: Using SimplygonSwarm for distributed automatic mesh merging
[2017.02.02-21.40.31:938][  0]LogMeshUtilities: No automatic skeletal mesh reduction module available
[2017.02.02-21.40.31:938][  0]LogMeshUtilities: No automatic mesh merging module available
[2017.02.02-21.40.32:668][  0]LogNetVersion: GetLocalNetworkVersion: CL: 3195953, ProjectName: mygame, ProjectVersion: , EngineNetworkVersion: 2, GameNetworkVersion: 0, NetworkChecksum: 1962937095
[2017.02.02-21.40.32:731][  0]LogAssetRegistry: FAssetRegistry took 0.0224 seconds to start up
[2017.02.02-21.40.32:773][  0]LogPackageLocalizationCache: Processed 3 localized package path(s) for 1 prioritized culture(s) in 0.018710 seconds
[2017.02.02-21.40.32:785][  0]LogUObjectArray: 31946 objects as part of root set at end of initial load.
[2017.02.02-21.40.32:785][  0]LogUObjectAllocator: 6935848 out of 0 bytes used by permanent object pool.
[2017.02.02-21.40.32:785][  0]LogUObjectArray: CloseDisregardForGC: 0/0 objects in disregard for GC pool
[2017.02.02-21.40.32:855][  0]LogInit: WinSock: version 1.1 (2.2), MaxSocks=32767, MaxUdp=65467
[2017.02.02-21.40.33:808][  0]LogSlate: Using Freetype 2.6.0
[2017.02.02-21.40.33:811][  0]LogSlate: SlateFontCache - WITH_FREETYPE: 1, WITH_HARFBUZZ: 1
[2017.02.02-21.40.33:811][  0]LogSlate: SlateFontCache - WITH_FREETYPE: 1, WITH_HARFBUZZ: 1
[2017.02.02-21.40.35:346][  0]LogTcpMessaging: Initializing TcpMessaging bridge
[2017.02.02-21.40.35:438][  0]LogUdpMessaging: Initializing bridge on interface 0.0.0.0:0 to multicast group 230.0.0.1:6666.
[2017.02.02-21.40.36:415][  0]LogMaterial: Uniform references updated for custom material expression Custom.
[2017.02.02-21.40.37:170][  0]SourceControl: Info Source control is disabled
[2017.02.02-21.40.37:287][  0]SourceControl: Info Source control is disabled
[2017.02.02-21.40.37:351][  0]SourceControl: Info Source control is disabled
[2017.02.02-21.40.37:407][  0]SourceControl: Info Source control is disabled
[2017.02.02-21.40.37:871][  0]LogLinker:Warning: Can't find file '/Game/TopDownBP/TopDownOverview'
[2017.02.02-21.40.37:872][  0]LogLinker:Warning: Can't find file '/Game/TopDownBP/TopDownOverview'
[2017.02.02-21.40.37:872][  0]LogUObjectGlobals:Warning: Failed to find object 'Class /Game/TopDownBP/TopDownOverview.TopDownOverview_C'
[2017.02.02-21.40.39:313][  0]LogEngine: Initializing Engine...
[2017.02.02-21.40.39:313][  0]LogHMD: Failed to initialize OpenVR with code 110
[2017.02.02-21.40.39:714][  0]LogAIModule: Creating AISystem for world Untitled
[2017.02.02-21.40.39:737][  0]LogInit: XAudio2 using 'Lautsprecher (SB 5.1 VX)' : 2 channels at 48 kHz using 16 bits per sample (channel mask 0x3)
[2017.02.02-21.40.39:855][  0]LogInit: FAudioDevice initialized.
[2017.02.02-21.40.39:913][  0]LogDerivedDataCache: Saved boot cache 0.06s 51MB C:/Users/Niwes/AppData/Local/UnrealEngine/4.14/DerivedDataCache/Boot.ddc.
[2017.02.02-21.40.39:933][  0]LogInit: Texture streaming: Enabled
[2017.02.02-21.40.40:315][  0]LogInit: Transaction tracking system initialized
[2017.02.02-21.40.41:174][  0]BlueprintLog: New page: Editor Load
[2017.02.02-21.40.43:194][  0]LocalizationService: Info Localization service is disabled
[2017.02.02-21.40.44:131][  0]LogConsoleResponse:Display: 
[2017.02.02-21.40.44:310][  0]LogCook:Display: Max memory allowance for cook 16384mb min free memory 0mb
[2017.02.02-21.40.44:310][  0]LogCook:Display: Mobile HDR setting 1
[2017.02.02-21.40.45:428][  0]LogFileCache: Scanning file cache for directory 'J:/UE_4/Game/MyEndlessRunner/MyGame/Content/' took 0.01s
[2017.02.02-21.40.45:486][  0]SourceControl: Info Source control is disabled
[2017.02.02-21.40.45:486][  0]Cmd: MAP LOAD FILE="../../../../../UE_4/Game/MyEndlessRunner/MyGame/Content/ThirdPersonCPP/Maps/ThirdPersonExampleMap.umap" TEMPLATE=0 SHOWPROGRESS=1 FEATURELEVEL=3
[2017.02.02-21.40.45:487][  0]LightingResults: New page: Lighting Build
[2017.02.02-21.40.45:532][  0]MapCheck: New page: Map Check
[2017.02.02-21.40.45:532][  0]LightingResults: New page: Lighting Build
[2017.02.02-21.40.46:053][  0]LogAIModule: Creating AISystem for world ThirdPersonExampleMap
[2017.02.02-21.40.46:064][  0]LogEditorServer: Finished looking for orphan Actors (0.000 secs)
[2017.02.02-21.40.46:065][  0]Cmd: MAP CHECKDEP NOCLEARLOG
[2017.02.02-21.40.46:129][  0]MapCheck: Info Map check complete: 0 Error(s), 0 Warning(s), took 63.458ms to complete.
[2017.02.02-21.40.46:129][  0]LogFileHelpers: Loading map 'ThirdPersonExampleMap' took 0.643
[2017.02.02-21.40.46:439][  0]LogCollectionManager: Loaded 0 collections in 0.001086 seconds
[2017.02.02-21.40.46:526][  0]LogFileCache: Scanning file cache for directory 'J:/UE_4/Game/MyEndlessRunner/MyGame/Saved/Collections/' took 0.01s
[2017.02.02-21.40.46:527][  0]LogFileCache: Scanning file cache for directory 'J:/UE_4/Game/MyEndlessRunner/MyGame/Content/Developers/Niwes/Collections/' took 0.01s
[2017.02.02-21.40.46:527][  0]LogFileCache: Scanning file cache for directory 'J:/UE_4/Game/MyEndlessRunner/MyGame/Content/Collections/' took 0.01s
[2017.02.02-21.40.46:527][  0]LogCollectionManager: Rebuilt the GUID cache for 0 collections in 0.000003 seconds
[2017.02.02-21.40.46:542][  0]LogContentBrowser: Native class hierarchy populated in 0.0152 seconds. Added 2192 classes and 430 folders.
[2017.02.02-21.40.46:589][  0]LogStats: UGameplayTagsManager::ConstructGameplayTagTree: Construct from data asset -  0.000 s
[2017.02.02-21.40.46:589][  0]LogStats: UGameplayTagsManager::ConstructGameplayTagTree: GameplayTagTreeChangedEvent.Broadcast -  0.000 s
[2017.02.02-21.40.46:591][  0]LogContentBrowser: Native class hierarchy updated for 'GameplayTags' in 0.0021 seconds. Added 13 classes and 0 folders.
[2017.02.02-21.40.46:664][  0]LogContentBrowser: Native class hierarchy updated for 'WidgetCarousel' in 0.0017 seconds. Added 0 classes and 0 folders.
[2017.02.02-21.40.46:723][  0]LogContentBrowser: Native class hierarchy updated for 'AddContentDialog' in 0.0020 seconds. Added 0 classes and 0 folders.
[2017.02.02-21.40.47:073][  0]LogContentBrowser: Native class hierarchy updated for 'SceneOutliner' in 0.0019 seconds. Added 1 classes and 2 folders.
[2017.02.02-21.40.47:293][  0]LogCrashTracker: Crashtracker disabled due to settings.
[2017.02.02-21.40.50:536][  0]LogSlate: Only BGRA pngs, bmps or icos are supported in by External Image Picker
[2017.02.02-21.40.50:587][  0]LogTemp:Display: Executing iPhonePackager certificates Engine -bundlename com.YourCompany.MyGame

[2017.02.02-21.40.50:587][  0]LogTemp:Display: CWD: J:\Games\UE_4.14\Engine\Binaries\DotNet\IOS

[2017.02.02-21.40.50:587][  0]LogTemp:Display: Initial Dir: J:\Games\UE_4.14

[2017.02.02-21.40.50:587][  0]LogTemp:Display: Env CWD: J:\Games\UE_4.14\Engine\Binaries\DotNet\IOS

[2017.02.02-21.40.50:587][  0]LogTemp:Display: BranchPath = DESKTOP-FFIL5QF/J/Games/UE_4.14/Engine/Binaries --- GameBranchPath = DESKTOP-FFIL5QF/J/Games/UE_4.14/Engine/Binaries

[2017.02.02-21.40.50:587][  0]LogUObjectGlobals:Warning: Failed to find object 'Class None.'
[2017.02.02-21.40.51:104][  0]LogTemp:Display: IPP ERROR: Application exception: System.IO.DirectoryNotFoundException: Ein Teil des Pfades "C:\Users\Niwes\AppData\Local\Apple Computer\MobileDevice\Provisioning Profiles" konnte nicht gefunden werden.

[2017.02.02-21.40.51:104][  0]LogTemp:Display:    bei System.IO.__Error.WinIOError(Int32 errorCode, String maybeFullPath)

[2017.02.02-21.40.51:104][  0]LogTemp:Display:    bei System.IO.FileSystemEnumerableIterator`1.CommonInit()

[2017.02.02-21.40.51:104][  0]LogTemp:Display:    bei System.IO.Directory.EnumerateFiles(String path, String searchPattern)

[2017.02.02-21.40.51:104][  0]LogTemp:Display:    bei iPhonePackager.CodeSignatureBuilder.FindProvisions(String CFBundleIdentifier)

[2017.02.02-21.40.51:104][  0]LogTemp:Display:    bei iPhonePackager.Program.Main(String[] args)

[2017.02.02-21.40.51:187][  0]LogContentBrowser: Native class hierarchy updated for 'HierarchicalLODOutliner' in 0.0021 seconds. Added 1 classes and 2 folders.
[2017.02.02-21.40.51:188][  0]LogLoad: (Engine Initialization) Total time: 31.26 seconds
[2017.02.02-21.40.51:188][  0]LogLoad: (Engine Initialization) Total Blueprint compile time: 0.18 seconds
[2017.02.02-21.40.51:188][  0]LogExternalProfiler: Found external profiler: VSPerf
[2017.02.02-21.40.51:188][  0]LogExternalProfiler: Using external profiler: VSPerf
[2017.02.02-21.40.51:542][  0]LogOcInput: OculusInput pre-init called
[2017.02.02-21.40.51:602][  0]LogContentStreaming: Texture pool size now 800 MB
[2017.02.02-21.40.52:521][  0]LogRenderer: Reallocating scene render targets to support 1112x576 NumSamples 1 (Frame:2).
[2017.02.02-21.40.58:976][ 20]LogAssetRegistry: Asset discovery search completed in 26.2669 seconds
[2017.02.02-21.40.58:976][ 20]LogCollectionManager: Rebuilt the object cache for 0 collections in 0.000001 seconds (found 0 objects)
[2017.02.02-21.40.58:976][ 20]LogCollectionManager: Fixed up redirectors for 0 collections in 0.000021 seconds (updated 0 objects)
